The system is: Windows - 10.0.22621 - AMD64
Compiling the CXX compiler identification source file "CMakeCXXCompilerId.cpp" succeeded.
Compiler: D:/Daisydaisydaisy/Qt/Tools/mingw1120_64/bin/g++.exe 
Build flags: 
Id flags:  

The output was:
0


Compilation of the CXX compiler identification source "CMakeCXXCompilerId.cpp" produced "a.exe"

The CXX compiler identification is GNU, found in "D:/Daisydaisydaisy/cpp2023fall/MyShapez/build-MyShapez-Desktop_Qt_6_7_0_MinGW_64_bit-Release/CMakeFiles/3.24.2/CompilerIdCXX/a.exe"

Determining if the CXX compiler works passed with the following output:
Change Dir: D:/Daisydaisydaisy/cpp2023fall/MyShapez/build-MyShapez-Desktop_Qt_6_7_0_MinGW_64_bit-Release/CMakeFiles/CMakeTmp

Run Build Command(s):D:/Daisydaisydaisy/mingw64/bin/ninja.exe cmTC_c1859 && [1/2] Building CXX object CMakeFiles/cmTC_c1859.dir/testCXXCompiler.cxx.obj
[2/2] Linking CXX executable cmTC_c1859.exe



Performing C++ SOURCE FILE Test CMAKE_HAVE_LIBC_PTHREAD succeeded with the following output:
Change Dir: D:/Daisydaisydaisy/cpp2023fall/MyShapez/build-MyShapez-Desktop_Qt_6_7_0_MinGW_64_bit-Release/CMakeFiles/CMakeTmp

Run Build Command(s):D:/Daisydaisydaisy/mingw64/bin/ninja.exe cmTC_2d0b2 && [1/2] Building CXX object CMakeFiles/cmTC_2d0b2.dir/src.cxx.obj
[2/2] Linking CXX executable cmTC_2d0b2.exe


Source file was:
#include <pthread.h>

static void* test_func(void* data)
{
  return data;
}

int main(void)
{
  pthread_t thread;
  pthread_create(&thread, NULL, test_func, NULL);
  pthread_detach(thread);
  pthread_cancel(thread);
  pthread_join(thread, NULL);
  pthread_atfork(NULL, NULL, NULL);
  pthread_exit(NULL);

  return 0;
}

Performing C++ SOURCE FILE Test HAVE_STDATOMIC succeeded with the following output:
Change Dir: D:/Daisydaisydaisy/cpp2023fall/MyShapez/build-MyShapez-Desktop_Qt_6_7_0_MinGW_64_bit-Release/CMakeFiles/CMakeTmp

Run Build Command(s):D:/Daisydaisydaisy/mingw64/bin/ninja.exe cmTC_b4384 && [1/2] Building CXX object CMakeFiles/cmTC_b4384.dir/src.cxx.obj
[2/2] Linking CXX executable cmTC_b4384.exe


Source file was:
#include <atomic>
#include <cstdint>

int main(int, char **)
{
    volatile std::atomic<char>    size_1;
    volatile std::atomic<short>   size_2;
    volatile std::atomic<int>     size_4;
    volatile std::atomic<int64_t> size_8;

    ++size_1;
    ++size_2;
    ++size_4;
    ++size_8;

    (void)size_1.load(std::memory_order_relaxed);
    (void)size_2.load(std::memory_order_relaxed);
    (void)size_4.load(std::memory_order_relaxed);
    (void)size_8.load(std::memory_order_relaxed);

    return 0;
}
